This file contains any messages produced by compilers while
running configure, to aid debugging if configure makes a mistake.

It was created by openflow configure 0.8.9~2, which was
generated by GNU Autoconf 2.68.  Invocation command line was

  $ ./configure 

## --------- ##
## Platform. ##
## --------- ##

hostname = ubuntu
uname -m = i686
uname -r = 3.11.0-12-generic
uname -s = Linux
uname -v = #19-Ubuntu SMP Wed Oct 9 16:12:00 UTC 2013

/usr/bin/uname -p = unknown
/bin/uname -X     = unknown

/bin/arch              = unknown
/usr/bin/arch -k       = unknown
/usr/convex/getsysinfo = unknown
/usr/bin/hostinfo      = unknown
/bin/machine           = unknown
/usr/bin/oslevel       = unknown
/bin/universe          = unknown

PATH: /usr/lib/lightdm/lightdm
PATH: /usr/local/sbin
PATH: /usr/local/bin
PATH: /usr/sbin
PATH: /usr/bin
PATH: /sbin
PATH: /bin
PATH: /usr/games
PATH: /usr/local/games


## ----------- ##
## Core tests. ##
## ----------- ##

configure:2206: checking build number
configure:2222: result: none
configure:2284: checking for a BSD-compatible install
configure:2352: result: /usr/bin/install -c
configure:2363: checking whether build environment is sane
configure:2413: result: yes
configure:2554: checking for a thread-safe mkdir -p
configure:2593: result: /bin/mkdir -p
configure:2606: checking for gawk
configure:2636: result: no
configure:2606: checking for mawk
configure:2622: found /usr/bin/mawk
configure:2633: result: mawk
configure:2644: checking whether make sets $(MAKE)
configure:2666: result: yes
configure:2795: checking for gcc
configure:2811: found /usr/bin/gcc
configure:2822: result: gcc
configure:3051: checking for C compiler version
configure:3060: gcc --version >&5
gcc (Ubuntu/Linaro 4.8.1-10ubuntu8) 4.8.1
Copyright (C) 2013 Free Software Foundation, Inc.
This is free software; see the source for copying conditions.  There is NO
warranty; not even for MERCHANTABILITY or FITNESS FOR A PARTICULAR PURPOSE.

configure:3071: $? = 0
configure:3060: gcc -v >&5
Using built-in specs.
COLLECT_GCC=gcc
COLLECT_LTO_WRAPPER=/usr/lib/gcc/i686-linux-gnu/4.8/lto-wrapper
Target: i686-linux-gnu
Configured with: ../src/configure -v --with-pkgversion='Ubuntu/Linaro 4.8.1-10ubuntu8' --with-bugurl=file:///usr/share/doc/gcc-4.8/README.Bugs --enable-languages=c,c++,java,go,d,fortran,objc,obj-c++ --prefix=/usr --program-suffix=-4.8 --enable-shared --enable-linker-build-id --libexecdir=/usr/lib --without-included-gettext --enable-threads=posix --with-gxx-include-dir=/usr/include/c++/4.8 --libdir=/usr/lib --enable-nls --with-sysroot=/ --enable-clocale=gnu --enable-libstdcxx-debug --enable-libstdcxx-time=yes --enable-gnu-unique-object --enable-plugin --with-system-zlib --disable-browser-plugin --enable-java-awt=gtk --enable-gtk-cairo --with-java-home=/usr/lib/jvm/java-1.5.0-gcj-4.8-i386/jre --enable-java-home --with-jvm-root-dir=/usr/lib/jvm/java-1.5.0-gcj-4.8-i386 --with-jvm-jar-dir=/usr/lib/jvm-exports/java-1.5.0-gcj-4.8-i386 --with-arch-directory=i386 --with-ecj-jar=/usr/share/java/eclipse-ecj.jar --enable-objc-gc --enable-targets=all --enable-multiarch --disable-werror --with-arch-32=i686 --with-multilib-list=m32,m64,mx32 --with-tune=generic --enable-checking=release --build=i686-linux-gnu --host=i686-linux-gnu --target=i686-linux-gnu
Thread model: posix
gcc version 4.8.1 (Ubuntu/Linaro 4.8.1-10ubuntu8) 
configure:3071: $? = 0
configure:3060: gcc -V >&5
gcc: error: unrecognized command line option '-V'
gcc: fatal error: no input files
compilation terminated.
configure:3071: $? = 4
configure:3060: gcc -qversion >&5
gcc: error: unrecognized command line option '-qversion'
gcc: fatal error: no input files
compilation terminated.
configure:3071: $? = 4
configure:3091: checking whether the C compiler works
configure:3113: gcc    conftest.c  >&5
configure:3117: $? = 0
configure:3165: result: yes
configure:3168: checking for C compiler default output file name
configure:3170: result: a.out
configure:3176: checking for suffix of executables
configure:3183: gcc -o conftest    conftest.c  >&5
configure:3187: $? = 0
configure:3209: result: 
configure:3231: checking whether we are cross compiling
configure:3239: gcc -o conftest    conftest.c  >&5
configure:3243: $? = 0
configure:3250: ./conftest
configure:3254: $? = 0
configure:3269: result: no
configure:3274: checking for suffix of object files
configure:3296: gcc -c   conftest.c >&5
configure:3300: $? = 0
configure:3321: result: o
configure:3325: checking whether we are using the GNU C compiler
configure:3344: gcc -c   conftest.c >&5
configure:3344: $? = 0
configure:3353: result: yes
configure:3362: checking whether gcc accepts -g
configure:3382: gcc -c -g  conftest.c >&5
configure:3382: $? = 0
configure:3423: result: yes
configure:3440: checking for gcc option to accept ISO C89
configure:3504: gcc  -c -g -O2  conftest.c >&5
configure:3504: $? = 0
configure:3517: result: none needed
configure:3548: checking for style of include used by make
configure:3576: result: GNU
configure:3601: checking dependency style of gcc
configure:3711: result: gcc3
configure:3727: checking whether gcc and cc understand -c and -o together
configure:3758: gcc -c conftest.c -o conftest2.o >&5
configure:3762: $? = 0
configure:3768: gcc -c conftest.c -o conftest2.o >&5
configure:3772: $? = 0
configure:3783: cc -c conftest.c >&5
configure:3787: $? = 0
configure:3795: cc -c conftest.c -o conftest2.o >&5
configure:3799: $? = 0
configure:3805: cc -c conftest.c -o conftest2.o >&5
configure:3809: $? = 0
configure:3827: result: yes
configure:3857: checking how to run the C preprocessor
configure:3888: gcc -E  conftest.c
configure:3888: $? = 0
configure:3902: gcc -E  conftest.c
conftest.c:12:28: fatal error: ac_nonexistent.h: No such file or directory
 #include <ac_nonexistent.h>
                            ^
compilation terminated.
configure:3902: $? = 1
configure: failed program was:
| /* confdefs.h */
| #define PACKAGE_NAME "openflow"
| #define PACKAGE_TARNAME "openflow"
| #define PACKAGE_VERSION "0.8.9~2"
| #define PACKAGE_STRING "openflow 0.8.9~2"
| #define PACKAGE_BUGREPORT "info@openflowswitch.org"
| #define PACKAGE_URL ""
| #define BUILDNR ""
| #define PACKAGE "openflow"
| #define VERSION "0.8.9~2"
| /* end confdefs.h.  */
| #include <ac_nonexistent.h>
configure:3927: result: gcc -E
configure:3947: gcc -E  conftest.c
configure:3947: $? = 0
configure:3961: gcc -E  conftest.c
conftest.c:12:28: fatal error: ac_nonexistent.h: No such file or directory
 #include <ac_nonexistent.h>
                            ^
compilation terminated.
configure:3961: $? = 1
configure: failed program was:
| /* confdefs.h */
| #define PACKAGE_NAME "openflow"
| #define PACKAGE_TARNAME "openflow"
| #define PACKAGE_VERSION "0.8.9~2"
| #define PACKAGE_STRING "openflow 0.8.9~2"
| #define PACKAGE_BUGREPORT "info@openflowswitch.org"
| #define PACKAGE_URL ""
| #define BUILDNR ""
| #define PACKAGE "openflow"
| #define VERSION "0.8.9~2"
| /* end confdefs.h.  */
| #include <ac_nonexistent.h>
configure:4032: checking for ranlib
configure:4048: found /usr/bin/ranlib
configure:4059: result: ranlib
configure:4086: checking for perl
configure:4104: found /usr/bin/perl
configure:4117: result: /usr/bin/perl
configure:4131: checking for grep that handles long lines and -e
configure:4189: result: /bin/grep
configure:4194: checking for egrep
configure:4256: result: /bin/grep -E
configure:4261: checking for ANSI C header files
configure:4281: gcc -c -g -O2  conftest.c >&5
configure:4281: $? = 0
configure:4354: gcc -o conftest -g -O2   conftest.c  >&5
configure:4354: $? = 0
configure:4354: ./conftest
configure:4354: $? = 0
configure:4365: result: yes
configure:4378: checking for sys/types.h
configure:4378: gcc -c -g -O2  conftest.c >&5
configure:4378: $? = 0
configure:4378: result: yes
configure:4378: checking for sys/stat.h
configure:4378: gcc -c -g -O2  conftest.c >&5
configure:4378: $? = 0
configure:4378: result: yes
configure:4378: checking for stdlib.h
configure:4378: gcc -c -g -O2  conftest.c >&5
configure:4378: $? = 0
configure:4378: result: yes
configure:4378: checking for string.h
configure:4378: gcc -c -g -O2  conftest.c >&5
configure:4378: $? = 0
configure:4378: result: yes
configure:4378: checking for memory.h
configure:4378: gcc -c -g -O2  conftest.c >&5
configure:4378: $? = 0
configure:4378: result: yes
configure:4378: checking for strings.h
configure:4378: gcc -c -g -O2  conftest.c >&5
configure:4378: $? = 0
configure:4378: result: yes
configure:4378: checking for inttypes.h
configure:4378: gcc -c -g -O2  conftest.c >&5
configure:4378: $? = 0
configure:4378: result: yes
configure:4378: checking for stdint.h
configure:4378: gcc -c -g -O2  conftest.c >&5
configure:4378: $? = 0
configure:4378: result: yes
configure:4378: checking for unistd.h
configure:4378: gcc -c -g -O2  conftest.c >&5
configure:4378: $? = 0
configure:4378: result: yes
configure:4391: checking minix/config.h usability
configure:4391: gcc -c -g -O2  conftest.c >&5
conftest.c:55:26: fatal error: minix/config.h: No such file or directory
 #include <minix/config.h>
                          ^
compilation terminated.
configure:4391: $? = 1
configure: failed program was:
| /* confdefs.h */
| #define PACKAGE_NAME "openflow"
| #define PACKAGE_TARNAME "openflow"
| #define PACKAGE_VERSION "0.8.9~2"
| #define PACKAGE_STRING "openflow 0.8.9~2"
| #define PACKAGE_BUGREPORT "info@openflowswitch.org"
| #define PACKAGE_URL ""
| #define BUILDNR ""
| #define PACKAGE "openflow"
| #define VERSION "0.8.9~2"
| #define STDC_HEADERS 1
| #define HAVE_SYS_TYPES_H 1
| #define HAVE_SYS_STAT_H 1
| #define HAVE_STDLIB_H 1
| #define HAVE_STRING_H 1
| #define HAVE_MEMORY_H 1
| #define HAVE_STRINGS_H 1
| #define HAVE_INTTYPES_H 1
| #define HAVE_STDINT_H 1
| #define HAVE_UNISTD_H 1
| /* end confdefs.h.  */
| #include <stdio.h>
| #ifdef HAVE_SYS_TYPES_H
| # include <sys/types.h>
| #endif
| #ifdef HAVE_SYS_STAT_H
| # include <sys/stat.h>
| #endif
| #ifdef STDC_HEADERS
| # include <stdlib.h>
| # include <stddef.h>
| #else
| # ifdef HAVE_STDLIB_H
| #  include <stdlib.h>
| # endif
| #endif
| #ifdef HAVE_STRING_H
| # if !defined STDC_HEADERS && defined HAVE_MEMORY_H
| #  include <memory.h>
| # endif
| # include <string.h>
| #endif
| #ifdef HAVE_STRINGS_H
| # include <strings.h>
| #endif
| #ifdef HAVE_INTTYPES_H
| # include <inttypes.h>
| #endif
| #ifdef HAVE_STDINT_H
| # include <stdint.h>
| #endif
| #ifdef HAVE_UNISTD_H
| # include <unistd.h>
| #endif
| #include <minix/config.h>
configure:4391: result: no
configure:4391: checking minix/config.h presence
configure:4391: gcc -E  conftest.c
conftest.c:22:26: fatal error: minix/config.h: No such file or directory
 #include <minix/config.h>
                          ^
compilation terminated.
configure:4391: $? = 1
configure: failed program was:
| /* confdefs.h */
| #define PACKAGE_NAME "openflow"
| #define PACKAGE_TARNAME "openflow"
| #define PACKAGE_VERSION "0.8.9~2"
| #define PACKAGE_STRING "openflow 0.8.9~2"
| #define PACKAGE_BUGREPORT "info@openflowswitch.org"
| #define PACKAGE_URL ""
| #define BUILDNR ""
| #define PACKAGE "openflow"
| #define VERSION "0.8.9~2"
| #define STDC_HEADERS 1
| #define HAVE_SYS_TYPES_H 1
| #define HAVE_SYS_STAT_H 1
| #define HAVE_STDLIB_H 1
| #define HAVE_STRING_H 1
| #define HAVE_MEMORY_H 1
| #define HAVE_STRINGS_H 1
| #define HAVE_INTTYPES_H 1
| #define HAVE_STDINT_H 1
| #define HAVE_UNISTD_H 1
| /* end confdefs.h.  */
| #include <minix/config.h>
configure:4391: result: no
configure:4391: checking for minix/config.h
configure:4391: result: no
configure:4412: checking whether it is safe to define __EXTENSIONS__
configure:4430: gcc -c -g -O2  conftest.c >&5
configure:4430: $? = 0
configure:4437: result: yes
configure:4470: checking for linux/netlink.h
configure:4470: gcc -c -g -O2  conftest.c >&5
configure:4470: $? = 0
configure:4470: result: yes
configure:4547: checking for pkg-config
configure:4565: found /usr/bin/pkg-config
configure:4577: result: /usr/bin/pkg-config
configure:4602: checking pkg-config is at least version 0.9.0
configure:4605: result: yes
configure:4757: checking for dladdr in -ldl
configure:4782: gcc -o conftest -g -O2   conftest.c -ldl   >&5
configure:4782: $? = 0
configure:4791: result: yes
configure:4798: checking for connect in -lsocket
configure:4823: gcc -o conftest -g -O2   conftest.c -lsocket   >&5
/usr/bin/ld: cannot find -lsocket
collect2: error: ld returned 1 exit status
configure:4823: $? = 1
configure: failed program was:
| /* confdefs.h */
| #define PACKAGE_NAME "openflow"
| #define PACKAGE_TARNAME "openflow"
| #define PACKAGE_VERSION "0.8.9~2"
| #define PACKAGE_STRING "openflow 0.8.9~2"
| #define PACKAGE_BUGREPORT "info@openflowswitch.org"
| #define PACKAGE_URL ""
| #define BUILDNR ""
| #define PACKAGE "openflow"
| #define VERSION "0.8.9~2"
| #define STDC_HEADERS 1
| #define HAVE_SYS_TYPES_H 1
| #define HAVE_SYS_STAT_H 1
| #define HAVE_STDLIB_H 1
| #define HAVE_STRING_H 1
| #define HAVE_MEMORY_H 1
| #define HAVE_STRINGS_H 1
| #define HAVE_INTTYPES_H 1
| #define HAVE_STDINT_H 1
| #define HAVE_UNISTD_H 1
| #define __EXTENSIONS__ 1
| #define _ALL_SOURCE 1
| #define _GNU_SOURCE 1
| #define _POSIX_PTHREAD_SEMANTICS 1
| #define _TANDEM_SOURCE 1
| #define HAVE_NETLINK 1
| /* end confdefs.h.  */
| 
| /* Override any GCC internal prototype to avoid an error.
|    Use char because int might match the return type of a GCC
|    builtin and then its argument prototype would still apply.  */
| #ifdef __cplusplus
| extern "C"
| #endif
| char connect ();
| int
| main ()
| {
| return connect ();
|   ;
|   return 0;
| }
configure:4832: result: no
configure:4843: checking for library containing gethostbyname
configure:4874: gcc -o conftest -g -O2   conftest.c  >&5
configure:4874: $? = 0
configure:4891: result: none required
configure:4938: checking for strlcpy
configure:4938: gcc -o conftest -g -O2   conftest.c  >&5
/tmp/ccfpQ0LS.o: In function `main':
/home/evolovolo/repos/ns-allinone-3.18/ns-3.18/openflow/conftest.c:62: undefined reference to `strlcpy'
collect2: error: ld returned 1 exit status
configure:4938: $? = 1
configure: failed program was:
| /* confdefs.h */
| #define PACKAGE_NAME "openflow"
| #define PACKAGE_TARNAME "openflow"
| #define PACKAGE_VERSION "0.8.9~2"
| #define PACKAGE_STRING "openflow 0.8.9~2"
| #define PACKAGE_BUGREPORT "info@openflowswitch.org"
| #define PACKAGE_URL ""
| #define BUILDNR ""
| #define PACKAGE "openflow"
| #define VERSION "0.8.9~2"
| #define STDC_HEADERS 1
| #define HAVE_SYS_TYPES_H 1
| #define HAVE_SYS_STAT_H 1
| #define HAVE_STDLIB_H 1
| #define HAVE_STRING_H 1
| #define HAVE_MEMORY_H 1
| #define HAVE_STRINGS_H 1
| #define HAVE_INTTYPES_H 1
| #define HAVE_STDINT_H 1
| #define HAVE_UNISTD_H 1
| #define __EXTENSIONS__ 1
| #define _ALL_SOURCE 1
| #define _GNU_SOURCE 1
| #define _POSIX_PTHREAD_SEMANTICS 1
| #define _TANDEM_SOURCE 1
| #define HAVE_NETLINK 1
| /* end confdefs.h.  */
| /* Define strlcpy to an innocuous variant, in case <limits.h> declares strlcpy.
|    For example, HP-UX 11i <limits.h> declares gettimeofday.  */
| #define strlcpy innocuous_strlcpy
| 
| /* System header to define __stub macros and hopefully few prototypes,
|     which can conflict with char strlcpy (); below.
|     Prefer <limits.h> to <assert.h> if __STDC__ is defined, since
|     <limits.h> exists even on freestanding compilers.  */
| 
| #ifdef __STDC__
| # include <limits.h>
| #else
| # include <assert.h>
| #endif
| 
| #undef strlcpy
| 
| /* Override any GCC internal prototype to avoid an error.
|    Use char because int might match the return type of a GCC
|    builtin and then its argument prototype would still apply.  */
| #ifdef __cplusplus
| extern "C"
| #endif
| char strlcpy ();
| /* The GNU C library defines this for functions which it implements
|     to always fail with ENOSYS.  Some functions are actually named
|     something starting with __ and the normal name is an alias.  */
| #if defined __stub_strlcpy || defined __stub___strlcpy
| choke me
| #endif
| 
| int
| main ()
| {
| return strlcpy ();
|   ;
|   return 0;
| }
configure:4938: result: no
configure:4947: checking net/if_packet.h usability
configure:4947: gcc -c -g -O2  conftest.c >&5
configure:4947: $? = 0
configure:4947: result: yes
configure:4947: checking net/if_packet.h presence
configure:4947: gcc -E  conftest.c
configure:4947: $? = 0
configure:4947: result: yes
configure:4947: checking for net/if_packet.h
configure:4947: result: yes
configure:4995: checking for strsignal
configure:4995: gcc -o conftest -g -O2   conftest.c  >&5
configure:4995: $? = 0
configure:4995: result: yes
configure:5102: checking for dpkg-buildpackage
configure:5118: found /usr/bin/dpkg-buildpackage
configure:5130: result: yes
configure:5359: creating ./config.status

## ---------------------- ##
## Running config.status. ##
## ---------------------- ##

This file was extended by openflow config.status 0.8.9~2, which was
generated by GNU Autoconf 2.68.  Invocation command line was

  CONFIG_FILES    = 
  CONFIG_HEADERS  = 
  CONFIG_LINKS    = 
  CONFIG_COMMANDS = 
  $ ./config.status 

on ubuntu

config.status:911: creating Makefile
config.status:911: creating datapath/Makefile
config.status:911: creating datapath/linux-2.6/Kbuild
config.status:911: creating datapath/linux-2.6/Makefile
config.status:911: creating datapath/linux-2.6/Makefile.main
config.status:911: creating datapath/linux-2.4/Kbuild
config.status:911: creating datapath/linux-2.4/Makefile
config.status:911: creating datapath/linux-2.4/Makefile.main
config.status:911: creating config.h
config.status:1140: executing depfiles commands

## ---------------- ##
## Cache variables. ##
## ---------------- ##

ac_cv_c_compiler_gnu=yes
ac_cv_env_CC_set=
ac_cv_env_CC_value=
ac_cv_env_CFLAGS_set=
ac_cv_env_CFLAGS_value=
ac_cv_env_CPPFLAGS_set=
ac_cv_env_CPPFLAGS_value=
ac_cv_env_CPP_set=
ac_cv_env_CPP_value=
ac_cv_env_KARCH_set=
ac_cv_env_KARCH_value=
ac_cv_env_LDFLAGS_set=
ac_cv_env_LDFLAGS_value=
ac_cv_env_LIBS_set=
ac_cv_env_LIBS_value=
ac_cv_env_PERL_set=
ac_cv_env_PERL_value=
ac_cv_env_PKG_CONFIG_LIBDIR_set=
ac_cv_env_PKG_CONFIG_LIBDIR_value=
ac_cv_env_PKG_CONFIG_PATH_set=
ac_cv_env_PKG_CONFIG_PATH_value=
ac_cv_env_PKG_CONFIG_set=
ac_cv_env_PKG_CONFIG_value=
ac_cv_env_SSL_CFLAGS_set=
ac_cv_env_SSL_CFLAGS_value=
ac_cv_env_SSL_LIBS_set=
ac_cv_env_SSL_LIBS_value=
ac_cv_env_build_alias_set=
ac_cv_env_build_alias_value=
ac_cv_env_host_alias_set=
ac_cv_env_host_alias_value=
ac_cv_env_target_alias_set=
ac_cv_env_target_alias_value=
ac_cv_func_strlcpy=no
ac_cv_func_strsignal=yes
ac_cv_header_inttypes_h=yes
ac_cv_header_linux_netlink_h=yes
ac_cv_header_memory_h=yes
ac_cv_header_minix_config_h=no
ac_cv_header_net_if_packet_h=yes
ac_cv_header_stdc=yes
ac_cv_header_stdint_h=yes
ac_cv_header_stdlib_h=yes
ac_cv_header_string_h=yes
ac_cv_header_strings_h=yes
ac_cv_header_sys_stat_h=yes
ac_cv_header_sys_types_h=yes
ac_cv_header_unistd_h=yes
ac_cv_lib_dl_dladdr=yes
ac_cv_lib_socket_connect=no
ac_cv_objext=o
ac_cv_path_EGREP='/bin/grep -E'
ac_cv_path_GREP=/bin/grep
ac_cv_path_PERL=/usr/bin/perl
ac_cv_path_ac_pt_PKG_CONFIG=/usr/bin/pkg-config
ac_cv_path_install='/usr/bin/install -c'
ac_cv_path_mkdir=/bin/mkdir
ac_cv_prog_AWK=mawk
ac_cv_prog_CPP='gcc -E'
ac_cv_prog_HAVE_DPKG_BUILDPACKAGE=yes
ac_cv_prog_ac_ct_CC=gcc
ac_cv_prog_ac_ct_RANLIB=ranlib
ac_cv_prog_cc_c89=
ac_cv_prog_cc_g=yes
ac_cv_prog_cc_gcc_c_o=yes
ac_cv_prog_make_make_set=yes
ac_cv_safe_to_define___extensions__=yes
ac_cv_search_gethostbyname='none required'
am_cv_CC_dependencies_compiler_type=gcc3

## ----------------- ##
## Output variables. ##
## ----------------- ##

ACLOCAL='${SHELL} /home/evolovolo/repos/ns-allinone-3.18/ns-3.18/openflow/build-aux/missing --run aclocal-1.11'
AMDEPBACKSLASH='\'
AMDEP_FALSE='#'
AMDEP_TRUE=''
AMTAR='${SHELL} /home/evolovolo/repos/ns-allinone-3.18/ns-3.18/openflow/build-aux/missing --run tar'
AUTOCONF='${SHELL} /home/evolovolo/repos/ns-allinone-3.18/ns-3.18/openflow/build-aux/missing --run autoconf'
AUTOHEADER='${SHELL} /home/evolovolo/repos/ns-allinone-3.18/ns-3.18/openflow/build-aux/missing --run autoheader'
AUTOMAKE='${SHELL} /home/evolovolo/repos/ns-allinone-3.18/ns-3.18/openflow/build-aux/missing --run automake-1.11'
AWK='mawk'
BUILDNR='0'
CC='gcc'
CCDEPMODE='depmode=gcc3'
CFLAGS='-g -O2 -Wall -Wno-sign-compare -Wpointer-arith -Wdeclaration-after-statement'
CPP='gcc -E'
CPPFLAGS=''
CYGPATH_W='echo'
DEFS='-DHAVE_CONFIG_H'
DEPDIR='.deps'
ECHO_C=''
ECHO_N='-n'
ECHO_T=''
EGREP='/bin/grep -E'
EXEEXT=''
FAULT_LIBS='-ldl'
GREP='/bin/grep'
HAVE_DPKG_BUILDPACKAGE='yes'
HAVE_DPKG_BUILDPACKAGE_FALSE='#'
HAVE_DPKG_BUILDPACKAGE_TRUE=''
HAVE_EXT_FALSE=''
HAVE_EXT_TRUE='#'
HAVE_IF_PACKET_FALSE='#'
HAVE_IF_PACKET_TRUE=''
HAVE_NETLINK_FALSE='#'
HAVE_NETLINK_TRUE=''
HAVE_OPENSSL_FALSE=''
HAVE_OPENSSL_TRUE='#'
HW_TABLES=''
INSTALL_DATA='${INSTALL} -m 644'
INSTALL_PROGRAM='${INSTALL}'
INSTALL_SCRIPT='${INSTALL}'
INSTALL_STRIP_PROGRAM='$(install_sh) -c -s'
KARCH=''
KSRC24=''
KSRC26=''
L24_ENABLED_FALSE=''
L24_ENABLED_TRUE='#'
L26_ENABLED_FALSE=''
L26_ENABLED_TRUE='#'
LDFLAGS=''
LIBOBJS=''
LIBS=''
LOGDIR='${localstatedir}/log/${PACKAGE}'
LTLIBOBJS=''
MAKEINFO='${SHELL} /home/evolovolo/repos/ns-allinone-3.18/ns-3.18/openflow/build-aux/missing --run makeinfo'
MKDIR_P='/bin/mkdir -p'
NDEBUG_FALSE=''
NDEBUG_TRUE='#'
OBJEXT='o'
PACKAGE='openflow'
PACKAGE_BUGREPORT='info@openflowswitch.org'
PACKAGE_NAME='openflow'
PACKAGE_STRING='openflow 0.8.9~2'
PACKAGE_TARNAME='openflow'
PACKAGE_URL=''
PACKAGE_VERSION='0.8.9~2'
PATH_SEPARATOR=':'
PERL='/usr/bin/perl'
PKG_CONFIG='/usr/bin/pkg-config'
PKG_CONFIG_LIBDIR=''
PKG_CONFIG_PATH=''
PKIDIR='${pkgdatadir}/pki'
RANLIB='ranlib'
RUNDIR='${localstatedir}/run'
SET_MAKE=''
SHELL='/bin/bash'
SSL_CFLAGS=''
SSL_LIBS=''
STRIP=''
SUPPORT_SNAT=''
SUPPORT_SNAT_FALSE=''
SUPPORT_SNAT_TRUE='#'
VERSION='0.8.9~2'
ac_ct_CC='gcc'
am__EXEEXT_FALSE=''
am__EXEEXT_TRUE='#'
am__fastdepCC_FALSE='#'
am__fastdepCC_TRUE=''
am__include='include'
am__isrc=''
am__leading_dot='.'
am__quote=''
am__tar='${AMTAR} chof - "$$tardir"'
am__untar='${AMTAR} xf -'
bindir='${exec_prefix}/bin'
build_alias=''
datadir='${datarootdir}'
datarootdir='${prefix}/share'
docdir='${datarootdir}/doc/${PACKAGE_TARNAME}'
dvidir='${docdir}'
exec_prefix='${prefix}'
host_alias=''
htmldir='${docdir}'
includedir='${prefix}/include'
infodir='${datarootdir}/info'
install_sh='${SHELL} /home/evolovolo/repos/ns-allinone-3.18/ns-3.18/openflow/build-aux/install-sh'
libdir='${exec_prefix}/lib'
libexecdir='${exec_prefix}/libexec'
localedir='${datarootdir}/locale'
localstatedir='${prefix}/var'
mandir='${datarootdir}/man'
mkdir_p='/bin/mkdir -p'
oldincludedir='/usr/include'
pdfdir='${docdir}'
prefix='/usr/local'
program_transform_name='s,x,x,'
psdir='${docdir}'
sbindir='${exec_prefix}/sbin'
sharedstatedir='${prefix}/com'
sysconfdir='${prefix}/etc'
target_alias=''

## ----------- ##
## confdefs.h. ##
## ----------- ##

/* confdefs.h */
#define PACKAGE_NAME "openflow"
#define PACKAGE_TARNAME "openflow"
#define PACKAGE_VERSION "0.8.9~2"
#define PACKAGE_STRING "openflow 0.8.9~2"
#define PACKAGE_BUGREPORT "info@openflowswitch.org"
#define PACKAGE_URL ""
#define BUILDNR ""
#define PACKAGE "openflow"
#define VERSION "0.8.9~2"
#define STDC_HEADERS 1
#define HAVE_SYS_TYPES_H 1
#define HAVE_SYS_STAT_H 1
#define HAVE_STDLIB_H 1
#define HAVE_STRING_H 1
#define HAVE_MEMORY_H 1
#define HAVE_STRINGS_H 1
#define HAVE_INTTYPES_H 1
#define HAVE_STDINT_H 1
#define HAVE_UNISTD_H 1
#define __EXTENSIONS__ 1
#define _ALL_SOURCE 1
#define _GNU_SOURCE 1
#define _POSIX_PTHREAD_SEMANTICS 1
#define _TANDEM_SOURCE 1
#define HAVE_NETLINK 1
#define HAVE_IF_PACKET 1
#define HAVE_STRSIGNAL 1

configure: exit 0
